#
# A fatal error has been detected by the Java Runtime Environment:
#
#  EXCEPTION_ACCESS_VIOLATION (0xc0000005) at pc=0x00007ffe5a38ce13, pid=15536, tid=10524
#
# JRE version: Java(TM) SE Runtime Environment (21.0.1+12) (build 21.0.1+12-LTS-29)
# Java VM: Java HotSpot(TM) 64-Bit Server VM (21.0.1+12-LTS-29, mixed mode, emulated-client, sharing, tiered, compressed oops, compressed class ptrs, g1 gc, windows-amd64)
# Problematic frame:
# V  [jvm.dll+0x3dce13]
#
# No core dump will be written. Minidumps are not enabled by default on client versions of Windows
#
# If you would like to submit a bug report, please visit:
#   https://bugreport.java.com/bugreport/crash.jsp
#

---------------  S U M M A R Y ------------

Command Line: -XX:TieredStopAtLevel=1 -Dspring.output.ansi.enabled=always -Dcom.sun.management.jmxremote -Dspring.jmx.enabled=true -Dspring.liveBeansView.mbeanDomain -Dspring.application.admin.enabled=true -Dmanagement.endpoints.jmx.exposure.include=* -javaagent:C:\Program Files\JetBrains\IntelliJ IDEA 2024.2.2\lib\idea_rt.jar=64531:C:\Program Files\JetBrains\IntelliJ IDEA 2024.2.2\bin -Dfile.encoding=UTF-8 -Dsun.stdout.encoding=UTF-8 -Dsun.stderr.encoding=UTF-8 com.picastlo.apigateway.ApiGatewayApplicationKt

Host: Intel(R) Core(TM) i3-4005U CPU @ 1.70GHz, 4 cores, 3G,  Windows 10 , 64 bit Build 19041 (10.0.19041.5198)
Time: Tue Dec 17 22:14:31 2024  Windows 10 , 64 bit Build 19041 (10.0.19041.5198) elapsed time: 5766.602327 seconds (0d 1h 36m 6s)

---------------  T H R E A D  ---------------

Current thread (0x0000029989399c70):  JavaThread "SimpleAsyncTaskExecutor-3750"        [_thread_in_vm, id=10524, stack(0x0000009df4800000,0x0000009df4900000) (1024K)]

Stack: [0x0000009df4800000,0x0000009df4900000],  sp=0x0000009df48ff630,  free space=1021k
Native frames: (J=compiled Java code, j=interpreted, Vv=VM code, C=native code)
V  [jvm.dll+0x3dce13]
V  [jvm.dll+0x6c8f42]
V  [jvm.dll+0x3ddabb]
V  [jvm.dll+0x3ddd47]
V  [jvm.dll+0x470de5]
V  [jvm.dll+0x3ef1b6]
V  [jvm.dll+0x7fd728]
